0 info it worked if it ends with ok
1 verbose cli [ '/Users/reneehu/.nvm/versions/node/v7.4.0/bin/node',
1 verbose cli   '/Users/reneehu/.nvm/versions/node/v7.4.0/bin/npm',
1 verbose cli   'run',
1 verbose cli   'build' ]
2 info using npm@4.0.5
3 info using node@v7.4.0
4 verbose run-script [ 'prebuild', 'build', 'postbuild' ]
5 info lifecycle magic-brush.js@0.2.2~prebuild: magic-brush.js@0.2.2
6 silly lifecycle magic-brush.js@0.2.2~prebuild: no script for prebuild, continuing
7 info lifecycle magic-brush.js@0.2.2~build: magic-brush.js@0.2.2
8 verbose lifecycle magic-brush.js@0.2.2~build: unsafe-perm in lifecycle true
9 verbose lifecycle magic-brush.js@0.2.2~build: PATH: /Users/reneehu/.nvm/versions/node/v7.4.0/lib/node_modules/npm/bin/node-gyp-bin:/Users/reneehu/study/magic-brush.js/node_modules/.bin:/usr/local/git/bin:/Users/reneehu/.nvm/versions/node/v7.4.0/bin:/usr/local/bin:/usr/bin:/bin:/usr/sbin:/sbin
10 verbose lifecycle magic-brush.js@0.2.2~build: CWD: /Users/reneehu/study/magic-brush.js
11 silly lifecycle magic-brush.js@0.2.2~build: Args: [ '-c', 'webpack --env build' ]
12 silly lifecycle magic-brush.js@0.2.2~build: Returned: code: 2  signal: null
13 info lifecycle magic-brush.js@0.2.2~build: Failed to exec build script
14 verbose stack Error: magic-brush.js@0.2.2 build: `webpack --env build`
14 verbose stack Exit status 2
14 verbose stack     at EventEmitter.<anonymous> (/Users/reneehu/.nvm/versions/node/v7.4.0/lib/node_modules/npm/lib/utils/lifecycle.js:279:16)
14 verbose stack     at emitTwo (events.js:106:13)
14 verbose stack     at EventEmitter.emit (events.js:191:7)
14 verbose stack     at ChildProcess.<anonymous> (/Users/reneehu/.nvm/versions/node/v7.4.0/lib/node_modules/npm/lib/utils/spawn.js:40:14)
14 verbose stack     at emitTwo (events.js:106:13)
14 verbose stack     at ChildProcess.emit (events.js:191:7)
14 verbose stack     at maybeClose (internal/child_process.js:885:16)
14 verbose stack     at Process.ChildProcess._handle.onexit (internal/child_process.js:226:5)
15 verbose pkgid magic-brush.js@0.2.2
16 verbose cwd /Users/reneehu/study/magic-brush.js
17 error Darwin 16.3.0
18 error argv "/Users/reneehu/.nvm/versions/node/v7.4.0/bin/node" "/Users/reneehu/.nvm/versions/node/v7.4.0/bin/npm" "run" "build"
19 error node v7.4.0
20 error npm  v4.0.5
21 error code ELIFECYCLE
22 error magic-brush.js@0.2.2 build: `webpack --env build`
22 error Exit status 2
23 error Failed at the magic-brush.js@0.2.2 build script 'webpack --env build'.
23 error Make sure you have the latest version of node.js and npm installed.
23 error If you do, this is most likely a problem with the magic-brush.js package,
23 error not with npm itself.
23 error Tell the author that this fails on your system:
23 error     webpack --env build
23 error You can get information on how to open an issue for this project with:
23 error     npm bugs magic-brush.js
23 error Or if that isn't available, you can get their info via:
23 error     npm owner ls magic-brush.js
23 error There is likely additional logging output above.
24 verbose exit [ 1, true ]
